0 info it worked if it ends with ok
1 verbose cli [ 'node', '/usr/local/bin/npm', 'install', '-g', 'node-inspector' ]
2 info using npm@2.5.1
3 info using node@v0.12.0
4 silly cache add args [ 'node-inspector', null ]
5 verbose cache add spec node-inspector
6 silly cache add parsed spec { raw: 'node-inspector',
6 silly cache add   scope: null,
6 silly cache add   name: 'node-inspector',
6 silly cache add   rawSpec: '',
6 silly cache add   spec: '*',
6 silly cache add   type: 'range' }
7 verbose addNamed node-inspector@*
8 silly addNamed semver.valid null
9 silly addNamed semver.validRange *
10 silly addNameRange { name: 'node-inspector', range: '*', hasData: false }
11 silly mapToRegistry name node-inspector
12 silly mapToRegistry using default registry
13 silly mapToRegistry registry https://registry.npmjs.org/
14 silly mapToRegistry uri https://registry.npmjs.org/node-inspector
15 verbose addNameRange registry:https://registry.npmjs.org/node-inspector not in flight; fetching
16 verbose request uri https://registry.npmjs.org/node-inspector
17 verbose request no auth needed
18 info attempt registry request try #1 at 7:33:06 PM
19 verbose request id 9259e05b9b978f16
20 http request GET https://registry.npmjs.org/node-inspector
21 http 200 https://registry.npmjs.org/node-inspector
22 silly get cb [ 200,
22 silly get   { date: 'Mon, 23 Mar 2015 02:33:07 GMT',
22 silly get     server: 'CouchDB/1.5.0 (Erlang OTP/R16B03)',
22 silly get     etag: '"66F6JYSL1SL5CGR04H76O0P2D"',
22 silly get     'content-type': 'application/json',
22 silly get     'cache-control': 'max-age=60',
22 silly get     'content-length': '98112',
22 silly get     'accept-ranges': 'bytes',
22 silly get     via: '1.1 varnish',
22 silly get     age: '0',
22 silly get     'x-served-by': 'cache-sjc3134-SJC',
22 silly get     'x-cache': 'HIT',
22 silly get     'x-cache-hits': '1',
22 silly get     'x-timer': 'S1427077986.995864,VS0,VE87',
22 silly get     vary: 'Accept',
22 silly get     'keep-alive': 'timeout=10, max=50',
22 silly get     connection: 'Keep-Alive' } ]
23 verbose get saving node-inspector to /Users/adamwells/.npm/registry.npmjs.org/node-inspector/.cache.json
24 silly addNameRange number 2 { name: 'node-inspector', range: '*', hasData: true }
25 silly addNameRange versions [ 'node-inspector',
25 silly addNameRange   [ '0.0.1',
25 silly addNameRange     '0.0.2',
25 silly addNameRange     '0.0.3',
25 silly addNameRange     '0.0.4',
25 silly addNameRange     '0.1.0',
25 silly addNameRange     '0.1.1',
25 silly addNameRange     '0.1.2',
25 silly addNameRange     '0.1.3',
25 silly addNameRange     '0.1.4',
25 silly addNameRange     '0.1.5',
25 silly addNameRange     '0.1.6',
25 silly addNameRange     '0.1.7',
25 silly addNameRange     '0.1.8',
25 silly addNameRange     '0.1.9',
25 silly addNameRange     '0.1.10',
25 silly addNameRange     '0.3.0',
25 silly addNameRange     '0.3.1',
25 silly addNameRange     '0.3.2',
25 silly addNameRange     '0.3.3',
25 silly addNameRange     '0.3.4',
25 silly addNameRange     '0.4.0',
25 silly addNameRange     '0.5.0',
25 silly addNameRange     '0.6.0',
25 silly addNameRange     '0.6.1',
25 silly addNameRange     '0.6.2',
25 silly addNameRange     '0.7.0-1',
25 silly addNameRange     '0.2.0-beta1',
25 silly addNameRange     '0.2.0-beta2',
25 silly addNameRange     '0.2.0-beta3',
25 silly addNameRange     '0.2.0-beta4',
25 silly addNameRange     '0.3.0-preview1',
25 silly addNameRange     '0.7.0-2',
25 silly addNameRange     '0.7.0',
25 silly addNameRange     '0.7.1',
25 silly addNameRange     '0.7.2',
25 silly addNameRange     '0.7.3',
25 silly addNameRange     '0.7.4',
25 silly addNameRange     '0.8.0',
25 silly addNameRange     '0.8.1',
25 silly addNameRange     '0.8.3',
25 silly addNameRange     '0.9.0',
25 silly addNameRange     '0.9.1',
25 silly addNameRange     '0.9.2' ] ]
26 verbose addNamed node-inspector@0.9.2
27 silly addNamed semver.valid 0.9.2
28 silly addNamed semver.validRange 0.9.2
29 silly mapToRegistry name node-inspector
30 silly mapToRegistry using default registry
31 silly mapToRegistry registry https://registry.npmjs.org/
32 silly mapToRegistry uri https://registry.npmjs.org/node-inspector
33 verbose addRemoteTarball https://registry.npmjs.org/node-inspector/-/node-inspector-0.9.2.tgz not in flight; adding
34 verbose addRemoteTarball [ 'https://registry.npmjs.org/node-inspector/-/node-inspector-0.9.2.tgz',
34 verbose addRemoteTarball   'f25e2be0dbd672f7f09b50af01ef81da3157ae7c' ]
35 info retry fetch attempt 1 at 7:33:07 PM
36 info attempt registry request try #1 at 7:33:07 PM
37 http fetch GET https://registry.npmjs.org/node-inspector/-/node-inspector-0.9.2.tgz
38 http fetch 200 https://registry.npmjs.org/node-inspector/-/node-inspector-0.9.2.tgz
39 silly fetchAndShaCheck shasum f25e2be0dbd672f7f09b50af01ef81da3157ae7c
40 verbose addTmpTarball /var/folders/wl/hw1djhps2jq8yqs_w64ff0_40000gn/T/npm-44001-f6698d56/registry.npmjs.org/node-inspector/-/node-inspector-0.9.2.tgz not in flight; adding
41 verbose addTmpTarball already have metadata; skipping unpack for node-inspector@0.9.2
42 silly cache afterAdd node-inspector@0.9.2
43 verbose afterAdd /Users/adamwells/.npm/node-inspector/0.9.2/package/package.json not in flight; writing
44 verbose afterAdd /Users/adamwells/.npm/node-inspector/0.9.2/package/package.json written
45 silly install resolved [ { name: 'node-inspector',
45 silly install resolved     version: '0.9.2',
45 silly install resolved     description: 'Web Inspector based nodeJS debugger',
45 silly install resolved     homepage: 'http://github.com/node-inspector/node-inspector',
45 silly install resolved     author: { name: 'Danny Coates', email: 'dannycoates@gmail.com' },
45 silly install resolved     keywords: [ 'debug', 'debugger', 'inspector', 'profiler' ],
45 silly install resolved     repository:
45 silly install resolved      { type: 'git',
45 silly install resolved        url: 'http://github.com/node-inspector/node-inspector.git' },
45 silly install resolved     engines: { node: '>=0.8.0' },
45 silly install resolved     bin:
45 silly install resolved      { 'node-inspector': './bin/inspector.js',
45 silly install resolved        'node-debug': './bin/node-debug.js' },
45 silly install resolved     dependencies:
45 silly install resolved      { express: '^4.8.0',
45 silly install resolved        'serve-favicon': '^2.1.1',
45 silly install resolved        async: '~0.9',
45 silly install resolved        glob: '^4.3.5',
45 silly install resolved        rc: '~0.5.0',
45 silly install resolved        'strong-data-uri': '~0.1.0',
45 silly install resolved        debug: '^1.0',
45 silly install resolved        ws: '~0.4.31',
45 silly install resolved        'biased-opener': '~0.2.2',
45 silly install resolved        yargs: '^1.2.1',
45 silly install resolved        which: '^1.0.5',
45 silly install resolved        'v8-debug': '~0.4.2',
45 silly install resolved        'v8-profiler': '~5.2.4',
45 silly install resolved        semver: '^3.0.1' },
45 silly install resolved     devDependencies:
45 silly install resolved      { mocha: '^1.21',
45 silly install resolved        chai: '^1.9',
45 silly install resolved        jshint: '^2.4.4',
45 silly install resolved        'fs-extra': '~0.8.1' },
45 silly install resolved     preferGlobal: true,
45 silly install resolved     scripts: { pretest: 'jshint .', test: 'mocha' },
45 silly install resolved     contributors:
45 silly install resolved      [ [Object],
45 silly install resolved        [Object],
45 silly install resolved        [Object],
45 silly install resolved        [Object],
45 silly install resolved        [Object],
45 silly install resolved        [Object],
45 silly install resolved        [Object],
45 silly install resolved        [Object],
45 silly install resolved        [Object],
45 silly install resolved        [Object],
45 silly install resolved        [Object],
45 silly install resolved        [Object],
45 silly install resolved        [Object],
45 silly install resolved        [Object],
45 silly install resolved        [Object],
45 silly install resolved        [Object],
45 silly install resolved        [Object],
45 silly install resolved        [Object],
45 silly install resolved        [Object],
45 silly install resolved        [Object],
45 silly install resolved        [Object],
45 silly install resolved        [Object],
45 silly install resolved        [Object],
45 silly install resolved        [Object],
45 silly install resolved        [Object],
45 silly install resolved        [Object],
45 silly install resolved        [Object],
45 silly install resolved        [Object],
45 silly install resolved        [Object],
45 silly install resolved        [Object],
45 silly install resolved        [Object] ],
45 silly install resolved     gitHead: '29edd94ad8a93b794e8710e30f0f20b7ba2e752f',
45 silly install resolved     bugs: { url: 'https://github.com/node-inspector/node-inspector/issues' },
45 silly install resolved     _id: 'node-inspector@0.9.2',
45 silly install resolved     _shasum: 'f25e2be0dbd672f7f09b50af01ef81da3157ae7c',
45 silly install resolved     _from: 'node-inspector@*',
45 silly install resolved     _npmVersion: '2.7.0',
45 silly install resolved     _nodeVersion: '1.5.1',
45 silly install resolved     _npmUser: { name: 'bajtos', email: 'miro.bajtos@gmail.com' },
45 silly install resolved     maintainers: [ [Object], [Object], [Object], [Object], [Object] ],
45 silly install resolved     dist:
45 silly install resolved      { shasum: 'f25e2be0dbd672f7f09b50af01ef81da3157ae7c',
45 silly install resolved        tarball: 'http://registry.npmjs.org/node-inspector/-/node-inspector-0.9.2.tgz' },
45 silly install resolved     directories: {},
45 silly install resolved     _resolved: 'https://registry.npmjs.org/node-inspector/-/node-inspector-0.9.2.tgz' } ]
46 info install node-inspector@0.9.2 into /usr/local/lib
47 info installOne node-inspector@0.9.2
48 verbose installOne of node-inspector to /usr/local/lib not in flight; installing
49 verbose lock using /Users/adamwells/.npm/_locks/node-inspector-885d0a05b8e6718d.lock for /usr/local/lib/node_modules/node-inspector
50 silly install write writing node-inspector 0.9.2 to /usr/local/lib/node_modules/node-inspector
51 silly cache addNamed cb node-inspector@0.9.2
52 verbose unbuild lib/node_modules/node-inspector
53 verbose gentlyRm vacuuming /usr/local/lib/node_modules/node-inspector
54 verbose tar unpack /Users/adamwells/.npm/node-inspector/0.9.2/package.tgz
55 verbose tar unpacking to /usr/local/lib/node_modules/node-inspector
56 verbose gentlyRm vacuuming /usr/local/lib/node_modules/node-inspector
57 silly gunzTarPerm modes [ '755', '644' ]
58 error tar.unpack untar error /Users/adamwells/.npm/node-inspector/0.9.2/package.tgz
59 verbose unlock done using /Users/adamwells/.npm/_locks/node-inspector-885d0a05b8e6718d.lock for /usr/local/lib/node_modules/node-inspector
60 verbose fstream_path /usr/local/lib/node_modules/node-inspector
61 verbose fstream_type Directory
62 verbose fstream_class DirWriter
63 verbose stack Error: EACCES, mkdir '/usr/local/lib/node_modules/node-inspector'
63 verbose stack     at Error (native)
64 verbose fstream_stack /usr/local/lib/node_modules/npm/node_modules/fstream/lib/dir-writer.js:36:23
64 verbose fstream_stack /usr/local/lib/node_modules/npm/node_modules/mkdirp/index.js:46:53
64 verbose fstream_stack FSReqWrap.oncomplete (fs.js:99:15)
65 verbose cwd /Users/adamwells/AppAcademy/experiments/githubPages
66 error Darwin 13.4.0
67 error argv "node" "/usr/local/bin/npm" "install" "-g" "node-inspector"
68 error node v0.12.0
69 error npm  v2.5.1
70 error path /usr/local/lib/node_modules/node-inspector
71 error code EACCES
72 error errno -13
73 error Error: EACCES, mkdir '/usr/local/lib/node_modules/node-inspector'
73 error     at Error (native)
73 error  { [Error: EACCES, mkdir '/usr/local/lib/node_modules/node-inspector']
73 error   errno: -13,
73 error   code: 'EACCES',
73 error   path: '/usr/local/lib/node_modules/node-inspector',
73 error   fstream_type: 'Directory',
73 error   fstream_path: '/usr/local/lib/node_modules/node-inspector',
73 error   fstream_class: 'DirWriter',
73 error   fstream_stack:
73 error    [ '/usr/local/lib/node_modules/npm/node_modules/fstream/lib/dir-writer.js:36:23',
73 error      '/usr/local/lib/node_modules/npm/node_modules/mkdirp/index.js:46:53',
73 error      'FSReqWrap.oncomplete (fs.js:99:15)' ] }
74 error Please try running this command again as root/Administrator.
75 verbose exit [ -13, true ]
76 verbose unbuild lib/node_modules/node-inspector
77 verbose gentlyRm vacuuming /usr/local/lib/node_modules/node-inspector
